# JRE version: OpenJDK Runtime Environment (8.0_152-b06) (build 1.8.0_152-release-1136-b06)
# Java VM: OpenJDK 64-Bit Server VM (25.152-b06 mixed mode windows-amd64 compressed oops)
Heap:
 PSYoungGen      total 176640K, used 19410K [0x00000000eab00000, 0x00000000f7380000, 0x0000000100000000)
  eden space 162816K, 3% used [0x00000000eab00000,0x00000000eb076e28,0x00000000f4a00000)
  from space 13824K, 99% used [0x00000000f5a00000,0x00000000f677db00,0x00000000f6780000)
  to   space 16384K, 0% used [0x00000000f4a00000,0x00000000f4a00000,0x00000000f5a00000)
 ParOldGen       total 170496K, used 20776K [0x00000000c0000000, 0x00000000ca680000, 0x00000000eab00000)
  object space 170496K, 12% used [0x00000000c0000000,0x00000000c144a1d8,0x00000000ca680000)
 Metaspace       used 42848K, capacity 43738K, committed 43992K, reserved 1087488K
  class space    used 5801K, capacity 6070K, committed 6144K, reserved 1048576K
GC Heap History (10 events):
Event: 2.252 GC heap before
{Heap before GC invocations=4 (full 1):
 PSYoungGen      total 76288K, used 9000K [0x00000000eab00000, 0x00000000f4000000, 0x0000000100000000)
  eden space 65536K, 0% used [0x00000000eab00000,0x00000000eab00000,0x00000000eeb00000)
  from space 10752K, 83% used [0x00000000eeb00000,0x00000000ef3ca258,0x00000000ef580000)
  to   space 10752K, 0% used [0x00000000f3580000,0x00000000f3580000,0x00000000f4000000)
 ParOldGen       total 175104K, used 278K [0x00000000c0000000, 0x00000000cab00000, 0x00000000eab00000)
  object space 175104K, 0% used [0x00000000c0000000,0x00000000c0045b18,0x00000000cab00000)
 Metaspace       used 20751K, capacity 21160K, committed 21248K, reserved 1067008K
  class space    used 2905K, capacity 3044K, committed 3072K, reserved 1048576K
Event: 2.278 GC heap after
Heap after GC invocations=4 (full 1):
 PSYoungGen      total 76288K, used 0K [0x00000000eab00000, 0x00000000f4000000, 0x0000000100000000)
  eden space 65536K, 0% used [0x00000000eab00000,0x00000000eab00000,0x00000000eeb00000)
  from space 10752K, 0% used [0x00000000eeb00000,0x00000000eeb00000,0x00000000ef580000)
  to   space 10752K, 0% used [0x00000000f3580000,0x00000000f3580000,0x00000000f4000000)
 ParOldGen       total 100864K, used 8719K [0x00000000c0000000, 0x00000000c6280000, 0x00000000eab00000)
  object space 100864K, 8% used [0x00000000c0000000,0x00000000c0883e10,0x00000000c6280000)
 Metaspace       used 20751K, capacity 21160K, committed 21248K, reserved 1067008K
  class space    used 2905K, capacity 3044K, committed 3072K, reserved 1048576K
}
Event: 2.774 GC heap before
{Heap before GC invocations=5 (full 1):
 PSYoungGen      total 76288K, used 65536K [0x00000000eab00000, 0x00000000f4000000, 0x0000000100000000)
  eden space 65536K, 100% used [0x00000000eab00000,0x00000000eeb00000,0x00000000eeb00000)
  from space 10752K, 0% used [0x00000000eeb00000,0x00000000eeb00000,0x00000000ef580000)
  to   space 10752K, 0% used [0x00000000f3580000,0x00000000f3580000,0x00000000f4000000)
 ParOldGen       total 100864K, used 8719K [0x00000000c0000000, 0x00000000c6280000, 0x00000000eab00000)
  object space 100864K, 8% used [0x00000000c0000000,0x00000000c0883e10,0x00000000c6280000)
 Metaspace       used 26702K, capacity 27176K, committed 27392K, reserved 1073152K
  class space    used 3639K, capacity 3778K, committed 3840K, reserved 1048576K
Event: 2.780 GC heap after
Heap after GC invocations=5 (full 1):
 PSYoungGen      total 111616K, used 7615K [0x00000000eab00000, 0x00000000f3d00000, 0x0000000100000000)
  eden space 103936K, 0% used [0x00000000eab00000,0x00000000eab00000,0x00000000f1080000)
  from space 7680K, 99% used [0x00000000f3580000,0x00000000f3cefda0,0x00000000f3d00000)
  to   space 10752K, 0% used [0x00000000f2800000,0x00000000f2800000,0x00000000f3280000)
 ParOldGen       total 100864K, used 8727K [0x00000000c0000000, 0x00000000c6280000, 0x00000000eab00000)
  object space 100864K, 8% used [0x00000000c0000000,0x00000000c0885e10,0x00000000c6280000)
 Metaspace       used 26702K, capacity 27176K, committed 27392K, reserved 1073152K
  class space    used 3639K, capacity 3778K, committed 3840K, reserved 1048576K
}
Event: 3.429 GC heap before
{Heap before GC invocations=6 (full 1):
 PSYoungGen      total 111616K, used 103562K [0x00000000eab00000, 0x00000000f3d00000, 0x0000000100000000)
  eden space 103936K, 92% used [0x00000000eab00000,0x00000000f08b2e48,0x00000000f1080000)
  from space 7680K, 99% used [0x00000000f3580000,0x00000000f3cefda0,0x00000000f3d00000)
  to   space 10752K, 0% used [0x00000000f2800000,0x00000000f2800000,0x00000000f3280000)
 ParOldGen       total 100864K, used 8727K [0x00000000c0000000, 0x00000000c6280000, 0x00000000eab00000)
  object space 100864K, 8% used [0x00000000c0000000,0x00000000c0885e10,0x00000000c6280000)
 Metaspace       used 34620K, capacity 35272K, committed 35416K, reserved 1079296K
  class space    used 4759K, capacity 4970K, committed 4992K, reserved 1048576K
Event: 3.441 GC heap after
Heap after GC invocations=6 (full 1):
 PSYoungGen      total 138752K, used 10743K [0x00000000eab00000, 0x00000000f6780000, 0x0000000100000000)
  eden space 128000K, 0% used [0x00000000eab00000,0x00000000eab00000,0x00000000f2800000)
  from space 10752K, 99% used [0x00000000f2800000,0x00000000f327dc60,0x00000000f3280000)
  to   space 13824K, 0% used [0x00000000f5a00000,0x00000000f5a00000,0x00000000f6780000)
 ParOldGen       total 100864K, used 10811K [0x00000000c0000000, 0x00000000c6280000, 0x00000000eab00000)
  object space 100864K, 10% used [0x00000000c0000000,0x00000000c0a8efa8,0x00000000c6280000)
 Metaspace       used 34620K, capacity 35272K, committed 35416K, reserved 1079296K
  class space    used 4759K, capacity 4970K, committed 4992K, reserved 1048576K
}
Event: 3.441 GC heap before
{Heap before GC invocations=7 (full 2):
 PSYoungGen      total 138752K, used 10743K [0x00000000eab00000, 0x00000000f6780000, 0x0000000100000000)
  eden space 128000K, 0% used [0x00000000eab00000,0x00000000eab00000,0x00000000f2800000)
  from space 10752K, 99% used [0x00000000f2800000,0x00000000f327dc60,0x00000000f3280000)
  to   space 13824K, 0% used [0x00000000f5a00000,0x00000000f5a00000,0x00000000f6780000)
 ParOldGen       total 100864K, used 10811K [0x00000000c0000000, 0x00000000c6280000, 0x00000000eab00000)
  object space 100864K, 10% used [0x00000000c0000000,0x00000000c0a8efa8,0x00000000c6280000)
 Metaspace       used 34620K, capacity 35272K, committed 35416K, reserved 1079296K
  class space    used 4759K, capacity 4970K, committed 4992K, reserved 1048576K
Event: 3.494 GC heap after
Heap after GC invocations=7 (full 2):
 PSYoungGen      total 138752K, used 0K [0x00000000eab00000, 0x00000000f6780000, 0x0000000100000000)
  eden space 128000K, 0% used [0x00000000eab00000,0x00000000eab00000,0x00000000f2800000)
  from space 10752K, 0% used [0x00000000f2800000,0x00000000f2800000,0x00000000f3280000)
  to   space 13824K, 0% used [0x00000000f5a00000,0x00000000f5a00000,0x00000000f6780000)
 ParOldGen       total 170496K, used 19220K [0x00000000c0000000, 0x00000000ca680000, 0x00000000eab00000)
  object space 170496K, 11% used [0x00000000c0000000,0x00000000c12c52d0,0x00000000ca680000)
 Metaspace       used 34620K, capacity 35272K, committed 35416K, reserved 1079296K
  class space    used 4759K, capacity 4970K, committed 4992K, reserved 1048576K
}
Event: 4.311 GC heap before
{Heap before GC invocations=8 (full 2):
 PSYoungGen      total 138752K, used 128000K [0x00000000eab00000, 0x00000000f6780000, 0x0000000100000000)
  eden space 128000K, 100% used [0x00000000eab00000,0x00000000f2800000,0x00000000f2800000)
  from space 10752K, 0% used [0x00000000f2800000,0x00000000f2800000,0x00000000f3280000)
  to   space 13824K, 0% used [0x00000000f5a00000,0x00000000f5a00000,0x00000000f6780000)
 ParOldGen       total 170496K, used 19220K [0x00000000c0000000, 0x00000000ca680000, 0x00000000eab00000)
  object space 170496K, 11% used [0x00000000c0000000,0x00000000c12c52d0,0x00000000ca680000)
 Metaspace       used 42559K, capacity 43354K, committed 43608K, reserved 1087488K
  class space    used 5765K, capacity 6006K, committed 6016K, reserved 1048576K
Event: 4.319 GC heap after
Heap after GC invocations=8 (full 2):
 PSYoungGen      total 176640K, used 13814K [0x00000000eab00000, 0x00000000f7380000, 0x0000000100000000)
  eden space 162816K, 0% used [0x00000000eab00000,0x00000000eab00000,0x00000000f4a00000)
  from space 13824K, 99% used [0x00000000f5a00000,0x00000000f677db00,0x00000000f6780000)
  to   space 16384K, 0% used [0x00000000f4a00000,0x00000000f4a00000,0x00000000f5a00000)
 ParOldGen       total 170496K, used 20776K [0x00000000c0000000, 0x00000000ca680000, 0x00000000eab00000)
  object space 170496K, 12% used [0x00000000c0000000,0x00000000c144a1d8,0x00000000ca680000)
 Metaspace       used 42559K, capacity 43354K, committed 43608K, reserved 1087488K
  class space    used 5765K, capacity 6006K, committed 6016K, reserved 1048576K
}

