# JRE version: OpenJDK Runtime Environment (8.0_152-b06) (build 1.8.0_152-release-1136-b06)
# Java VM: OpenJDK 64-Bit Server VM (25.152-b06 mixed mode windows-amd64 compressed oops)
Heap:
 PSYoungGen      total 248320K, used 40597K [0x00000000eab00000, 0x00000000fc280000, 0x0000000100000000)
  eden space 224256K, 18% used [0x00000000eab00000,0x00000000ed2a54f8,0x00000000f8600000)
  from space 24064K, 0% used [0x00000000f9e80000,0x00000000f9e80000,0x00000000fb600000)
  to   space 25088K, 0% used [0x00000000f8600000,0x00000000f8600000,0x00000000f9e80000)
 ParOldGen       total 247296K, used 34845K [0x00000000c0000000, 0x00000000cf180000, 0x00000000eab00000)
  object space 247296K, 14% used [0x00000000c0000000,0x00000000c2207640,0x00000000cf180000)
 Metaspace       used 57261K, capacity 59026K, committed 59224K, reserved 1099776K
  class space    used 7767K, capacity 8214K, committed 8320K, reserved 1048576K
GC Heap History (10 events):
Event: 3.428 GC heap before
{Heap before GC invocations=7 (full 2):
 PSYoungGen      total 138752K, used 10738K [0x00000000eab00000, 0x00000000f6a80000, 0x0000000100000000)
  eden space 128000K, 0% used [0x00000000eab00000,0x00000000eab00000,0x00000000f2800000)
  from space 10752K, 99% used [0x00000000f2800000,0x00000000f327ca88,0x00000000f3280000)
  to   space 13824K, 0% used [0x00000000f5d00000,0x00000000f5d00000,0x00000000f6a80000)
 ParOldGen       total 100864K, used 10822K [0x00000000c0000000, 0x00000000c6280000, 0x00000000eab00000)
  object space 100864K, 10% used [0x00000000c0000000,0x00000000c0a919c8,0x00000000c6280000)
 Metaspace       used 34613K, capacity 35272K, committed 35416K, reserved 1079296K
  class space    used 4759K, capacity 4970K, committed 4992K, reserved 1048576K
Event: 3.476 GC heap after
Heap after GC invocations=7 (full 2):
 PSYoungGen      total 138752K, used 0K [0x00000000eab00000, 0x00000000f6a80000, 0x0000000100000000)
  eden space 128000K, 0% used [0x00000000eab00000,0x00000000eab00000,0x00000000f2800000)
  from space 10752K, 0% used [0x00000000f2800000,0x00000000f2800000,0x00000000f3280000)
  to   space 13824K, 0% used [0x00000000f5d00000,0x00000000f5d00000,0x00000000f6a80000)
 ParOldGen       total 168448K, used 19274K [0x00000000c0000000, 0x00000000ca480000, 0x00000000eab00000)
  object space 168448K, 11% used [0x00000000c0000000,0x00000000c12d28b0,0x00000000ca480000)
 Metaspace       used 34613K, capacity 35272K, committed 35416K, reserved 1079296K
  class space    used 4759K, capacity 4970K, committed 4992K, reserved 1048576K
}
Event: 4.264 GC heap before
{Heap before GC invocations=8 (full 2):
 PSYoungGen      total 138752K, used 128000K [0x00000000eab00000, 0x00000000f6a80000, 0x0000000100000000)
  eden space 128000K, 100% used [0x00000000eab00000,0x00000000f2800000,0x00000000f2800000)
  from space 10752K, 0% used [0x00000000f2800000,0x00000000f2800000,0x00000000f3280000)
  to   space 13824K, 0% used [0x00000000f5d00000,0x00000000f5d00000,0x00000000f6a80000)
 ParOldGen       total 168448K, used 19274K [0x00000000c0000000, 0x00000000ca480000, 0x00000000eab00000)
  object space 168448K, 11% used [0x00000000c0000000,0x00000000c12d28b0,0x00000000ca480000)
 Metaspace       used 42570K, capacity 43354K, committed 43608K, reserved 1087488K
  class space    used 5765K, capacity 6006K, committed 6016K, reserved 1048576K
Event: 4.272 GC heap after
Heap after GC invocations=8 (full 2):
 PSYoungGen      total 179712K, used 13809K [0x00000000eab00000, 0x00000000f7600000, 0x0000000100000000)
  eden space 165888K, 0% used [0x00000000eab00000,0x00000000eab00000,0x00000000f4d00000)
  from space 13824K, 99% used [0x00000000f5d00000,0x00000000f6a7c5b8,0x00000000f6a80000)
  to   space 16384K, 0% used [0x00000000f4d00000,0x00000000f4d00000,0x00000000f5d00000)
 ParOldGen       total 168448K, used 20845K [0x00000000c0000000, 0x00000000ca480000, 0x00000000eab00000)
  object space 168448K, 12% used [0x00000000c0000000,0x00000000c145b468,0x00000000ca480000)
 Metaspace       used 42570K, capacity 43354K, committed 43608K, reserved 1087488K
  class space    used 5765K, capacity 6006K, committed 6016K, reserved 1048576K
}
Event: 5.602 GC heap before
{Heap before GC invocations=9 (full 2):
 PSYoungGen      total 179712K, used 179697K [0x00000000eab00000, 0x00000000f7600000, 0x0000000100000000)
  eden space 165888K, 100% used [0x00000000eab00000,0x00000000f4d00000,0x00000000f4d00000)
  from space 13824K, 99% used [0x00000000f5d00000,0x00000000f6a7c5b8,0x00000000f6a80000)
  to   space 16384K, 0% used [0x00000000f4d00000,0x00000000f4d00000,0x00000000f5d00000)
 ParOldGen       total 168448K, used 20845K [0x00000000c0000000, 0x00000000ca480000, 0x00000000eab00000)
  object space 168448K, 12% used [0x00000000c0000000,0x00000000c145b468,0x00000000ca480000)
 Metaspace       used 56246K, capacity 58036K, committed 58328K, reserved 1099776K
  class space    used 7685K, capacity 8105K, committed 8192K, reserved 1048576K
Event: 5.618 GC heap after
Heap after GC invocations=9 (full 2):
 PSYoungGen      total 182272K, used 16368K [0x00000000eab00000, 0x00000000fb600000, 0x0000000100000000)
  eden space 165888K, 0% used [0x00000000eab00000,0x00000000eab00000,0x00000000f4d00000)
  from space 16384K, 99% used [0x00000000f4d00000,0x00000000f5cfc0b8,0x00000000f5d00000)
  to   space 24064K, 0% used [0x00000000f9e80000,0x00000000f9e80000,0x00000000fb600000)
 ParOldGen       total 168448K, used 31600K [0x00000000c0000000, 0x00000000ca480000, 0x00000000eab00000)
  object space 168448K, 18% used [0x00000000c0000000,0x00000000c1edc330,0x00000000ca480000)
 Metaspace       used 56246K, capacity 58036K, committed 58328K, reserved 1099776K
  class space    used 7685K, capacity 8105K, committed 8192K, reserved 1048576K
}
Event: 6.054 GC heap before
{Heap before GC invocations=10 (full 2):
 PSYoungGen      total 182272K, used 63600K [0x00000000eab00000, 0x00000000fb600000, 0x0000000100000000)
  eden space 165888K, 28% used [0x00000000eab00000,0x00000000ed9200c8,0x00000000f4d00000)
  from space 16384K, 99% used [0x00000000f4d00000,0x00000000f5cfc0b8,0x00000000f5d00000)
  to   space 24064K, 0% used [0x00000000f9e80000,0x00000000f9e80000,0x00000000fb600000)
 ParOldGen       total 168448K, used 31600K [0x00000000c0000000, 0x00000000ca480000, 0x00000000eab00000)
  object space 168448K, 18% used [0x00000000c0000000,0x00000000c1edc330,0x00000000ca480000)
 Metaspace       used 57015K, capacity 58790K, committed 58968K, reserved 1099776K
  class space    used 7746K, capacity 8204K, committed 8320K, reserved 1048576K
Event: 6.068 GC heap after
Heap after GC invocations=10 (full 2):
 PSYoungGen      total 248320K, used 18864K [0x00000000eab00000, 0x00000000fc280000, 0x0000000100000000)
  eden space 224256K, 0% used [0x00000000eab00000,0x00000000eab00000,0x00000000f8600000)
  from space 24064K, 78% used [0x00000000f9e80000,0x00000000fb0ec098,0x00000000fb600000)
  to   space 25088K, 0% used [0x00000000f8600000,0x00000000f8600000,0x00000000f9e80000)
 ParOldGen       total 168448K, used 31608K [0x00000000c0000000, 0x00000000ca480000, 0x00000000eab00000)
  object space 168448K, 18% used [0x00000000c0000000,0x00000000c1ede330,0x00000000ca480000)
 Metaspace       used 57015K, capacity 58790K, committed 58968K, reserved 1099776K
  class space    used 7746K, capacity 8204K, committed 8320K, reserved 1048576K
}
Event: 6.068 GC heap before
{Heap before GC invocations=11 (full 3):
 PSYoungGen      total 248320K, used 18864K [0x00000000eab00000, 0x00000000fc280000, 0x0000000100000000)
  eden space 224256K, 0% used [0x00000000eab00000,0x00000000eab00000,0x00000000f8600000)
  from space 24064K, 78% used [0x00000000f9e80000,0x00000000fb0ec098,0x00000000fb600000)
  to   space 25088K, 0% used [0x00000000f8600000,0x00000000f8600000,0x00000000f9e80000)
 ParOldGen       total 168448K, used 31608K [0x00000000c0000000, 0x00000000ca480000, 0x00000000eab00000)
  object space 168448K, 18% used [0x00000000c0000000,0x00000000c1ede330,0x00000000ca480000)
 Metaspace       used 57015K, capacity 58790K, committed 58968K, reserved 1099776K
  class space    used 7746K, capacity 8204K, committed 8320K, reserved 1048576K
Event: 6.209 GC heap after
Heap after GC invocations=11 (full 3):
 PSYoungGen      total 248320K, used 0K [0x00000000eab00000, 0x00000000fc280000, 0x0000000100000000)
  eden space 224256K, 0% used [0x00000000eab00000,0x00000000eab00000,0x00000000f8600000)
  from space 24064K, 0% used [0x00000000f9e80000,0x00000000f9e80000,0x00000000fb600000)
  to   space 25088K, 0% used [0x00000000f8600000,0x00000000f8600000,0x00000000f9e80000)
 ParOldGen       total 247296K, used 34845K [0x00000000c0000000, 0x00000000cf180000, 0x00000000eab00000)
  object space 247296K, 14% used [0x00000000c0000000,0x00000000c2207640,0x00000000cf180000)
 Metaspace       used 57015K, capacity 58790K, committed 58968K, reserved 1099776K
  class space    used 7746K, capacity 8204K, committed 8320K, reserved 1048576K
}

